{
  "stats": {
    "suites": 1,
    "tests": 10,
    "passes": 10,
    "pending": 0,
    "failures": 0,
    "start": "2020-10-23T05:19:28.667Z",
    "end": "2020-10-23T05:19:40.064Z",
    "duration": 11397,
    "testsRegistered": 10,
    "passPercent": 100,
    "pendingPercent": 0,
    "other": 0,
    "hasOther": false,
    "skipped": 0,
    "hasSkipped": false
  },
  "results": [
    {
      "uuid": "5223b957-1524-4fbc-91cd-de7518b9f91f",
      "title": "",
      "fullFile": "cypress/integration/simpleTest/saucedemo.spec.js",
      "file": "cypress/integration/simpleTest/saucedemo.spec.js",
      "beforeHooks": [],
      "afterHooks": [],
      "tests": [],
      "suites": [
        {
          "uuid": "4993b30d-b069-4e8c-9569-f965d09e281d",
          "title": "Test",
          "fullFile": "",
          "file": "",
          "beforeHooks": [],
          "afterHooks": [],
          "tests": [
            {
              "title": "login with an invalid user",
              "fullTitle": "Test login with an invalid user",
              "timedOut": null,
              "duration": 1446,
              "state": "passed",
              "speed": "slow",
              "pass": true,
              "fail": false,
              "pending": false,
              "context": null,
              "code": "var lp = new _LoginPage[\"default\"]();\nlp.visit();\nlp.isLoginPage();\ncy.fixture('userChallenge').then(function (user) {\n  var invalidUsername = user.invalidUsername;\n  var invalidPassword = user.invalidPassword;\n  lp.fillUsername(invalidUsername);\n  lp.fillPassword(invalidPassword);\n});\nlp.submit();\ncy.get('[data-test=\"error\"]').should('be.visible');",
              "err": {},
              "uuid": "e30211b7-b6ab-4b36-a32c-53afe057e1a2",
              "parentUUID": "4993b30d-b069-4e8c-9569-f965d09e281d",
              "isHook": false,
              "skipped": false
            },
            {
              "title": "Login with a valid user",
              "fullTitle": "Test Login with a valid user",
              "timedOut": null,
              "duration": 1983,
              "state": "passed",
              "speed": "slow",
              "pass": true,
              "fail": false,
              "pending": false,
              "context": null,
              "code": "var lp = new _LoginPage[\"default\"]();\nvar ip = new _InventoryPage[\"default\"]();\nlp.visit();\ncy.fixture('userChallenge').then(function (user) {\n  var username = user.username;\n  var password = user.password;\n  lp.fillUsername(username);\n  lp.fillPassword(password);\n});\nlp.submit();\nip.isInventoryPage();",
              "err": {},
              "uuid": "b59c2252-5b2e-40de-8129-4c934bfaa3e9",
              "parentUUID": "4993b30d-b069-4e8c-9569-f965d09e281d",
              "isHook": false,
              "skipped": false
            },
            {
              "title": "Logout from product’s page",
              "fullTitle": "Test Logout from product’s page",
              "timedOut": null,
              "duration": 628,
              "state": "passed",
              "speed": "slow",
              "pass": true,
              "fail": false,
              "pending": false,
              "context": null,
              "code": "var nb = new _Navbar[\"default\"]().logout();\nvar lp = new _LoginPage[\"default\"]().isLoginPage();",
              "err": {},
              "uuid": "0f7cb6ec-c9db-4fae-b117-1e47361cd629",
              "parentUUID": "4993b30d-b069-4e8c-9569-f965d09e281d",
              "isHook": false,
              "skipped": false
            },
            {
              "title": "Navigate to the shopping cart",
              "fullTitle": "Test Navigate to the shopping cart",
              "timedOut": null,
              "duration": 1537,
              "state": "passed",
              "speed": "slow",
              "pass": true,
              "fail": false,
              "pending": false,
              "context": null,
              "code": "var lp = new _LoginPage[\"default\"]();\nvar ip = new _InventoryPage[\"default\"]();\nlp.visit();\ncy.fixture('userChallenge').then(function (user) {\n  var username = user.username;\n  var password = user.password;\n  lp.fillUsername(username);\n  lp.fillPassword(password);\n});\nlp.submit();\nip.isInventoryPage();\nvar nav = new _Navbar[\"default\"]().goToCart();\nvar cp = new _CartPage[\"default\"]().isCartPage();",
              "err": {},
              "uuid": "78172b87-e675-4e1a-844c-040292774327",
              "parentUUID": "4993b30d-b069-4e8c-9569-f965d09e281d",
              "isHook": false,
              "skipped": false
            },
            {
              "title": "Add a single item to the shopping cart",
              "fullTitle": "Test Add a single item to the shopping cart",
              "timedOut": null,
              "duration": 642,
              "state": "passed",
              "speed": "slow",
              "pass": true,
              "fail": false,
              "pending": false,
              "context": null,
              "code": "var cp = new _CartPage[\"default\"]();\nvar ip = new _InventoryPage[\"default\"]();\nvar nav = new _Navbar[\"default\"]();\ncp.continueShopping();\nip.isInventoryPage();\ncy.fixture('wishList').then(function (wishList) {\n  var itemOne = wishList.itemOne;\n  ip.addToCart(itemOne);\n  nav.goToCart();\n  cp.isCartPage();\n  cp.itemIsInCart(itemOne);\n});",
              "err": {},
              "uuid": "e5f01a45-3593-4c1f-a04a-6adbdae82381",
              "parentUUID": "4993b30d-b069-4e8c-9569-f965d09e281d",
              "isHook": false,
              "skipped": false
            },
            {
              "title": "Add multiple items to the shopping cart",
              "fullTitle": "Test Add multiple items to the shopping cart",
              "timedOut": null,
              "duration": 1601,
              "state": "passed",
              "speed": "slow",
              "pass": true,
              "fail": false,
              "pending": false,
              "context": null,
              "code": "var cp = new _CartPage[\"default\"]();\nvar ip = new _InventoryPage[\"default\"]();\nvar nav = new _Navbar[\"default\"]();\ncp.continueShopping();\nip.isInventoryPage();\ncy.fixture('wishList').then(function (wishList) {\n  var itemTwo = wishList.itemTwo;\n  var itemThree = wishList.itemThree;\n  ip.addToCart(itemTwo);\n  ip.addToCart(itemThree);\n  nav.goToCart();\n  cp.isCartPage();\n  cp.itemIsInCart(itemTwo);\n  cp.itemIsInCart(itemThree);\n});",
              "err": {},
              "uuid": "ab87988b-cba4-4559-b4b8-a41878d8d119",
              "parentUUID": "4993b30d-b069-4e8c-9569-f965d09e281d",
              "isHook": false,
              "skipped": false
            },
            {
              "title": "Continue with missing mail information",
              "fullTitle": "Test Continue with missing mail information",
              "timedOut": null,
              "duration": 1094,
              "state": "passed",
              "speed": "slow",
              "pass": true,
              "fail": false,
              "pending": false,
              "context": null,
              "code": "var cp = new _CartPage[\"default\"]();\nvar chp = new _CheckoutPage[\"default\"]();\ncp.checkout();\nchp.isCheckoutPage();\ncy.fixture('userChallenge').then(function (user) {\n  var firstName = user.firstName;\n  var lastName = user.lastName;\n  chp.fillFisrtName(firstName);\n  chp.fillLastName(lastName);\n});\nchp.submit();\nchp.missingPostalCodeError();",
              "err": {},
              "uuid": "4b14c2b5-825b-4de2-bbc5-c72b5ffa25bb",
              "parentUUID": "4993b30d-b069-4e8c-9569-f965d09e281d",
              "isHook": false,
              "skipped": false
            },
            {
              "title": "Fill user’s information",
              "fullTitle": "Test Fill user’s information",
              "timedOut": null,
              "duration": 548,
              "state": "passed",
              "speed": "slow",
              "pass": true,
              "fail": false,
              "pending": false,
              "context": null,
              "code": "var chp = new _CheckoutPage[\"default\"]();\nvar chpTwo = new _CheckoutTwoPage[\"default\"]();\ncy.fixture('userChallenge').then(function (user) {\n  var postalCode = user.postalCode;\n  chp.fillPostalCode(postalCode);\n});\nchp.submit();\nchpTwo.isCheckoutTwoPage();",
              "err": {},
              "uuid": "be549203-068e-47e0-b0e6-fdd5d7be8a61",
              "parentUUID": "4993b30d-b069-4e8c-9569-f965d09e281d",
              "isHook": false,
              "skipped": false
            },
            {
              "title": "Final order items",
              "fullTitle": "Test Final order items",
              "timedOut": null,
              "duration": 190,
              "state": "passed",
              "speed": "slow",
              "pass": true,
              "fail": false,
              "pending": false,
              "context": null,
              "code": "var chpTwo = new _CheckoutTwoPage[\"default\"]();\ncy.fixture('wishList').then(function (wishList) {\n  var itemOne = wishList.itemOne;\n  var itemTwo = wishList.itemTwo;\n  var itemThree = wishList.itemThree;\n  chpTwo.checkItem(itemOne);\n  chpTwo.checkItem(itemTwo);\n  chpTwo.checkItem(itemThree);\n});",
              "err": {},
              "uuid": "cb8ca2b6-40d1-4c9f-8f77-49fdb49d021d",
              "parentUUID": "4993b30d-b069-4e8c-9569-f965d09e281d",
              "isHook": false,
              "skipped": false
            },
            {
              "title": "Complete a purchase",
              "fullTitle": "Test Complete a purchase",
              "timedOut": null,
              "duration": 517,
              "state": "passed",
              "speed": "slow",
              "pass": true,
              "fail": false,
              "pending": false,
              "context": null,
              "code": "var chpTwo = new _CheckoutTwoPage[\"default\"]();\nchpTwo.finalisePurchase();",
              "err": {},
              "uuid": "8452aa5d-56d7-407d-a4eb-d78632c3c2e8",
              "parentUUID": "4993b30d-b069-4e8c-9569-f965d09e281d",
              "isHook": false,
              "skipped": false
            }
          ],
          "suites": [],
          "passes": [
            "e30211b7-b6ab-4b36-a32c-53afe057e1a2",
            "b59c2252-5b2e-40de-8129-4c934bfaa3e9",
            "0f7cb6ec-c9db-4fae-b117-1e47361cd629",
            "78172b87-e675-4e1a-844c-040292774327",
            "e5f01a45-3593-4c1f-a04a-6adbdae82381",
            "ab87988b-cba4-4559-b4b8-a41878d8d119",
            "4b14c2b5-825b-4de2-bbc5-c72b5ffa25bb",
            "be549203-068e-47e0-b0e6-fdd5d7be8a61",
            "cb8ca2b6-40d1-4c9f-8f77-49fdb49d021d",
            "8452aa5d-56d7-407d-a4eb-d78632c3c2e8"
          ],
          "failures": [],
          "pending": [],
          "skipped": [],
          "duration": 10186,
          "root": false,
          "rootEmpty": false,
          "_timeout": 2000
        }
      ],
      "passes": [],
      "failures": [],
      "pending": [],
      "skipped": [],
      "duration": 0,
      "root": true,
      "rootEmpty": true,
      "_timeout": 2000
    }
  ],
  "meta": {
    "mocha": {
      "version": "7.0.1"
    },
    "mochawesome": {
      "options": {
        "quiet": false,
        "reportFilename": "mochawesome",
        "saveHtml": true,
        "saveJson": true,
        "consoleReporter": "spec",
        "useInlineDiffs": false,
        "code": true
      },
      "version": "6.1.1"
    },
    "marge": {
      "options": {
        "reportDir": "cypress/reports/mochawesome-report",
        "quite": true,
        "overwrite": true,
        "html": true,
        "json": true,
        "timestamp": "mmddyyyy_HHMMss"
      },
      "version": "5.1.0"
    }
  }
}