{
  "stats": {
    "suites": 1,
    "tests": 10,
    "passes": 10,
    "pending": 0,
    "failures": 0,
    "start": "2020-10-23T05:22:20.900Z",
    "end": "2020-10-23T05:22:30.824Z",
    "duration": 9924,
    "testsRegistered": 10,
    "passPercent": 100,
    "pendingPercent": 0,
    "other": 0,
    "hasOther": false,
    "skipped": 0,
    "hasSkipped": false
  },
  "results": [
    {
      "uuid": "d03e13ac-59b8-407d-a1e4-97e2ee6acae9",
      "title": "",
      "fullFile": "cypress/integration/simpleTest/saucedemo.spec.js",
      "file": "cypress/integration/simpleTest/saucedemo.spec.js",
      "beforeHooks": [],
      "afterHooks": [],
      "tests": [],
      "suites": [
        {
          "uuid": "18eb1d3c-be17-464c-b0a6-3cf78019bc06",
          "title": "Test",
          "fullFile": "",
          "file": "",
          "beforeHooks": [],
          "afterHooks": [],
          "tests": [
            {
              "title": "login with an invalid user",
              "fullTitle": "Test login with an invalid user",
              "timedOut": null,
              "duration": 1433,
              "state": "passed",
              "speed": "slow",
              "pass": true,
              "fail": false,
              "pending": false,
              "context": null,
              "code": "var lp = new _LoginPage[\"default\"]();\nlp.visit();\nlp.isLoginPage();\ncy.fixture('userChallenge').then(function (user) {\n  var invalidUsername = user.invalidUsername;\n  var invalidPassword = user.invalidPassword;\n  lp.fillUsername(invalidUsername);\n  lp.fillPassword(invalidPassword);\n});\nlp.submit();\ncy.get('[data-test=\"error\"]').should('be.visible');",
              "err": {},
              "uuid": "364da707-d11e-4f13-b3dc-d5d7628147f4",
              "parentUUID": "18eb1d3c-be17-464c-b0a6-3cf78019bc06",
              "isHook": false,
              "skipped": false
            },
            {
              "title": "Login with a valid user",
              "fullTitle": "Test Login with a valid user",
              "timedOut": null,
              "duration": 1999,
              "state": "passed",
              "speed": "slow",
              "pass": true,
              "fail": false,
              "pending": false,
              "context": null,
              "code": "var lp = new _LoginPage[\"default\"]();\nvar ip = new _InventoryPage[\"default\"]();\nlp.visit();\ncy.fixture('userChallenge').then(function (user) {\n  var username = user.username;\n  var password = user.password;\n  lp.fillUsername(username);\n  lp.fillPassword(password);\n});\nlp.submit();\nip.isInventoryPage();",
              "err": {},
              "uuid": "327396b4-c978-45fc-9288-866915edb9e5",
              "parentUUID": "18eb1d3c-be17-464c-b0a6-3cf78019bc06",
              "isHook": false,
              "skipped": false
            },
            {
              "title": "Logout from product’s page",
              "fullTitle": "Test Logout from product’s page",
              "timedOut": null,
              "duration": 596,
              "state": "passed",
              "speed": "slow",
              "pass": true,
              "fail": false,
              "pending": false,
              "context": null,
              "code": "var nb = new _Navbar[\"default\"]().logout();\nvar lp = new _LoginPage[\"default\"]().isLoginPage();",
              "err": {},
              "uuid": "c0a98e9a-5656-4368-ab1c-89c18e4638f5",
              "parentUUID": "18eb1d3c-be17-464c-b0a6-3cf78019bc06",
              "isHook": false,
              "skipped": false
            },
            {
              "title": "Navigate to the shopping cart",
              "fullTitle": "Test Navigate to the shopping cart",
              "timedOut": null,
              "duration": 1298,
              "state": "passed",
              "speed": "slow",
              "pass": true,
              "fail": false,
              "pending": false,
              "context": null,
              "code": "var lp = new _LoginPage[\"default\"]();\nvar ip = new _InventoryPage[\"default\"]();\nlp.visit();\ncy.fixture('userChallenge').then(function (user) {\n  var username = user.username;\n  var password = user.password;\n  lp.fillUsername(username);\n  lp.fillPassword(password);\n});\nlp.submit();\nip.isInventoryPage();\nvar nav = new _Navbar[\"default\"]().goToCart();\nvar cp = new _CartPage[\"default\"]().isCartPage();",
              "err": {},
              "uuid": "b487c0df-ea97-4434-84e9-ec52f60f3756",
              "parentUUID": "18eb1d3c-be17-464c-b0a6-3cf78019bc06",
              "isHook": false,
              "skipped": false
            },
            {
              "title": "Add a single item to the shopping cart",
              "fullTitle": "Test Add a single item to the shopping cart",
              "timedOut": null,
              "duration": 568,
              "state": "passed",
              "speed": "slow",
              "pass": true,
              "fail": false,
              "pending": false,
              "context": null,
              "code": "var cp = new _CartPage[\"default\"]();\nvar ip = new _InventoryPage[\"default\"]();\nvar nav = new _Navbar[\"default\"]();\ncp.continueShopping();\nip.isInventoryPage();\ncy.fixture('wishList').then(function (wishList) {\n  var itemOne = wishList.itemOne;\n  ip.addToCart(itemOne);\n  nav.goToCart();\n  cp.isCartPage();\n  cp.itemIsInCart(itemOne);\n});",
              "err": {},
              "uuid": "4b292680-da9e-4b31-802b-a4710dee2820",
              "parentUUID": "18eb1d3c-be17-464c-b0a6-3cf78019bc06",
              "isHook": false,
              "skipped": false
            },
            {
              "title": "Add multiple items to the shopping cart",
              "fullTitle": "Test Add multiple items to the shopping cart",
              "timedOut": null,
              "duration": 1027,
              "state": "passed",
              "speed": "slow",
              "pass": true,
              "fail": false,
              "pending": false,
              "context": null,
              "code": "var cp = new _CartPage[\"default\"]();\nvar ip = new _InventoryPage[\"default\"]();\nvar nav = new _Navbar[\"default\"]();\ncp.continueShopping();\nip.isInventoryPage();\ncy.fixture('wishList').then(function (wishList) {\n  var itemTwo = wishList.itemTwo;\n  var itemThree = wishList.itemThree;\n  ip.addToCart(itemTwo);\n  ip.addToCart(itemThree);\n  nav.goToCart();\n  cp.isCartPage();\n  cp.itemIsInCart(itemTwo);\n  cp.itemIsInCart(itemThree);\n});",
              "err": {},
              "uuid": "1f224e76-9b89-4dfb-b9a7-4fe26433e848",
              "parentUUID": "18eb1d3c-be17-464c-b0a6-3cf78019bc06",
              "isHook": false,
              "skipped": false
            },
            {
              "title": "Continue with missing mail information",
              "fullTitle": "Test Continue with missing mail information",
              "timedOut": null,
              "duration": 896,
              "state": "passed",
              "speed": "slow",
              "pass": true,
              "fail": false,
              "pending": false,
              "context": null,
              "code": "var cp = new _CartPage[\"default\"]();\nvar chp = new _CheckoutPage[\"default\"]();\ncp.checkout();\nchp.isCheckoutPage();\ncy.fixture('userChallenge').then(function (user) {\n  var firstName = user.firstName;\n  var lastName = user.lastName;\n  chp.fillFisrtName(firstName);\n  chp.fillLastName(lastName);\n});\nchp.submit();\nchp.missingPostalCodeError();",
              "err": {},
              "uuid": "429e8200-878d-4dcb-8081-0f95540accd3",
              "parentUUID": "18eb1d3c-be17-464c-b0a6-3cf78019bc06",
              "isHook": false,
              "skipped": false
            },
            {
              "title": "Fill user’s information",
              "fullTitle": "Test Fill user’s information",
              "timedOut": null,
              "duration": 539,
              "state": "passed",
              "speed": "slow",
              "pass": true,
              "fail": false,
              "pending": false,
              "context": null,
              "code": "var chp = new _CheckoutPage[\"default\"]();\nvar chpTwo = new _CheckoutTwoPage[\"default\"]();\ncy.fixture('userChallenge').then(function (user) {\n  var postalCode = user.postalCode;\n  chp.fillPostalCode(postalCode);\n});\nchp.submit();\nchpTwo.isCheckoutTwoPage();",
              "err": {},
              "uuid": "2b0cc79d-9b37-48d9-9b0f-d6c3cdb07179",
              "parentUUID": "18eb1d3c-be17-464c-b0a6-3cf78019bc06",
              "isHook": false,
              "skipped": false
            },
            {
              "title": "Final order items",
              "fullTitle": "Test Final order items",
              "timedOut": null,
              "duration": 165,
              "state": "passed",
              "speed": "slow",
              "pass": true,
              "fail": false,
              "pending": false,
              "context": null,
              "code": "var chpTwo = new _CheckoutTwoPage[\"default\"]();\ncy.fixture('wishList').then(function (wishList) {\n  var itemOne = wishList.itemOne;\n  var itemTwo = wishList.itemTwo;\n  var itemThree = wishList.itemThree;\n  chpTwo.checkItem(itemOne);\n  chpTwo.checkItem(itemTwo);\n  chpTwo.checkItem(itemThree);\n});",
              "err": {},
              "uuid": "4d131279-b3c3-4b3d-a9aa-db8d0ca55bbb",
              "parentUUID": "18eb1d3c-be17-464c-b0a6-3cf78019bc06",
              "isHook": false,
              "skipped": false
            },
            {
              "title": "Complete a purchase",
              "fullTitle": "Test Complete a purchase",
              "timedOut": null,
              "duration": 280,
              "state": "passed",
              "speed": "slow",
              "pass": true,
              "fail": false,
              "pending": false,
              "context": null,
              "code": "var chpTwo = new _CheckoutTwoPage[\"default\"]();\nchpTwo.finalisePurchase();",
              "err": {},
              "uuid": "e9d3f70a-b5eb-4779-a27b-c8514fae338d",
              "parentUUID": "18eb1d3c-be17-464c-b0a6-3cf78019bc06",
              "isHook": false,
              "skipped": false
            }
          ],
          "suites": [],
          "passes": [
            "364da707-d11e-4f13-b3dc-d5d7628147f4",
            "327396b4-c978-45fc-9288-866915edb9e5",
            "c0a98e9a-5656-4368-ab1c-89c18e4638f5",
            "b487c0df-ea97-4434-84e9-ec52f60f3756",
            "4b292680-da9e-4b31-802b-a4710dee2820",
            "1f224e76-9b89-4dfb-b9a7-4fe26433e848",
            "429e8200-878d-4dcb-8081-0f95540accd3",
            "2b0cc79d-9b37-48d9-9b0f-d6c3cdb07179",
            "4d131279-b3c3-4b3d-a9aa-db8d0ca55bbb",
            "e9d3f70a-b5eb-4779-a27b-c8514fae338d"
          ],
          "failures": [],
          "pending": [],
          "skipped": [],
          "duration": 8801,
          "root": false,
          "rootEmpty": false,
          "_timeout": 2000
        }
      ],
      "passes": [],
      "failures": [],
      "pending": [],
      "skipped": [],
      "duration": 0,
      "root": true,
      "rootEmpty": true,
      "_timeout": 2000
    }
  ],
  "meta": {
    "mocha": {
      "version": "7.0.1"
    },
    "mochawesome": {
      "options": {
        "quiet": false,
        "reportFilename": "mochawesome",
        "saveHtml": true,
        "saveJson": true,
        "consoleReporter": "spec",
        "useInlineDiffs": false,
        "code": true
      },
      "version": "6.1.1"
    },
    "marge": {
      "options": {
        "reportDir": "cypress/reports/mochawesome-report",
        "quite": true,
        "overwrite": true,
        "html": true,
        "json": true,
        "timestamp": "mmddyyyy_HHMMss"
      },
      "version": "5.1.0"
    }
  }
}