{
  "stats": {
    "suites": 1,
    "tests": 10,
    "passes": 10,
    "pending": 0,
    "failures": 0,
    "start": "2020-10-23T05:26:04.521Z",
    "end": "2020-10-23T05:26:15.704Z",
    "duration": 11183,
    "testsRegistered": 10,
    "passPercent": 100,
    "pendingPercent": 0,
    "other": 0,
    "hasOther": false,
    "skipped": 0,
    "hasSkipped": false
  },
  "results": [
    {
      "uuid": "ee6ba9bd-ab38-478e-9cd8-bc46fec5b74a",
      "title": "",
      "fullFile": "cypress/integration/simpleTest/saucedemo.spec.js",
      "file": "cypress/integration/simpleTest/saucedemo.spec.js",
      "beforeHooks": [],
      "afterHooks": [],
      "tests": [],
      "suites": [
        {
          "uuid": "1e1f3324-bf51-40c7-ace1-5a16427c61c3",
          "title": "Test",
          "fullFile": "",
          "file": "",
          "beforeHooks": [],
          "afterHooks": [],
          "tests": [
            {
              "title": "login with an invalid user",
              "fullTitle": "Test login with an invalid user",
              "timedOut": null,
              "duration": 1421,
              "state": "passed",
              "speed": "slow",
              "pass": true,
              "fail": false,
              "pending": false,
              "context": null,
              "code": "var lp = new _LoginPage[\"default\"]();\nlp.visit();\nlp.isLoginPage();\ncy.fixture('userChallenge').then(function (user) {\n  var invalidUsername = user.invalidUsername;\n  var invalidPassword = user.invalidPassword;\n  lp.fillUsername(invalidUsername);\n  lp.fillPassword(invalidPassword);\n});\nlp.submit();\ncy.get('[data-test=\"error\"]').should('be.visible');",
              "err": {},
              "uuid": "32d3c3b9-8488-45d2-b43b-edc00e1d9901",
              "parentUUID": "1e1f3324-bf51-40c7-ace1-5a16427c61c3",
              "isHook": false,
              "skipped": false
            },
            {
              "title": "Login with a valid user",
              "fullTitle": "Test Login with a valid user",
              "timedOut": null,
              "duration": 3532,
              "state": "passed",
              "speed": "slow",
              "pass": true,
              "fail": false,
              "pending": false,
              "context": null,
              "code": "var lp = new _LoginPage[\"default\"]();\nvar ip = new _InventoryPage[\"default\"]();\nlp.visit();\ncy.fixture('userChallenge').then(function (user) {\n  var username = user.username;\n  var password = user.password;\n  lp.fillUsername(username);\n  lp.fillPassword(password);\n});\nlp.submit();\nip.isInventoryPage();",
              "err": {},
              "uuid": "c5b48d4a-4477-4243-b96c-6ff83764da7a",
              "parentUUID": "1e1f3324-bf51-40c7-ace1-5a16427c61c3",
              "isHook": false,
              "skipped": false
            },
            {
              "title": "Logout from product’s page",
              "fullTitle": "Test Logout from product’s page",
              "timedOut": null,
              "duration": 534,
              "state": "passed",
              "speed": "slow",
              "pass": true,
              "fail": false,
              "pending": false,
              "context": null,
              "code": "var nb = new _Navbar[\"default\"]().logout();\nvar lp = new _LoginPage[\"default\"]().isLoginPage();",
              "err": {},
              "uuid": "e7dcf214-b2c8-4239-8a88-38ef9f358af0",
              "parentUUID": "1e1f3324-bf51-40c7-ace1-5a16427c61c3",
              "isHook": false,
              "skipped": false
            },
            {
              "title": "Navigate to the shopping cart",
              "fullTitle": "Test Navigate to the shopping cart",
              "timedOut": null,
              "duration": 1350,
              "state": "passed",
              "speed": "slow",
              "pass": true,
              "fail": false,
              "pending": false,
              "context": null,
              "code": "var lp = new _LoginPage[\"default\"]();\nvar ip = new _InventoryPage[\"default\"]();\nlp.visit();\ncy.fixture('userChallenge').then(function (user) {\n  var username = user.username;\n  var password = user.password;\n  lp.fillUsername(username);\n  lp.fillPassword(password);\n});\nlp.submit();\nip.isInventoryPage();\nvar nav = new _Navbar[\"default\"]().goToCart();\nvar cp = new _CartPage[\"default\"]().isCartPage();",
              "err": {},
              "uuid": "65205d6b-9004-4a0f-afd2-2e4398628564",
              "parentUUID": "1e1f3324-bf51-40c7-ace1-5a16427c61c3",
              "isHook": false,
              "skipped": false
            },
            {
              "title": "Add a single item to the shopping cart",
              "fullTitle": "Test Add a single item to the shopping cart",
              "timedOut": null,
              "duration": 639,
              "state": "passed",
              "speed": "slow",
              "pass": true,
              "fail": false,
              "pending": false,
              "context": null,
              "code": "var cp = new _CartPage[\"default\"]();\nvar ip = new _InventoryPage[\"default\"]();\nvar nav = new _Navbar[\"default\"]();\ncp.continueShopping();\nip.isInventoryPage();\ncy.fixture('wishList').then(function (wishList) {\n  var itemOne = wishList.itemOne;\n  ip.addToCart(itemOne);\n  nav.goToCart();\n  cp.isCartPage();\n  cp.itemIsInCart(itemOne);\n});",
              "err": {},
              "uuid": "7514f45e-2eed-4eeb-939a-06d18ea4f7be",
              "parentUUID": "1e1f3324-bf51-40c7-ace1-5a16427c61c3",
              "isHook": false,
              "skipped": false
            },
            {
              "title": "Add multiple items to the shopping cart",
              "fullTitle": "Test Add multiple items to the shopping cart",
              "timedOut": null,
              "duration": 832,
              "state": "passed",
              "speed": "slow",
              "pass": true,
              "fail": false,
              "pending": false,
              "context": null,
              "code": "var cp = new _CartPage[\"default\"]();\nvar ip = new _InventoryPage[\"default\"]();\nvar nav = new _Navbar[\"default\"]();\ncp.continueShopping();\nip.isInventoryPage();\ncy.fixture('wishList').then(function (wishList) {\n  var itemTwo = wishList.itemTwo;\n  var itemThree = wishList.itemThree;\n  ip.addToCart(itemTwo);\n  ip.addToCart(itemThree);\n  nav.goToCart();\n  cp.isCartPage();\n  cp.itemIsInCart(itemTwo);\n  cp.itemIsInCart(itemThree);\n});",
              "err": {},
              "uuid": "1884dece-3e83-47a9-965b-27ecfedc0df3",
              "parentUUID": "1e1f3324-bf51-40c7-ace1-5a16427c61c3",
              "isHook": false,
              "skipped": false
            },
            {
              "title": "Continue with missing mail information",
              "fullTitle": "Test Continue with missing mail information",
              "timedOut": null,
              "duration": 882,
              "state": "passed",
              "speed": "slow",
              "pass": true,
              "fail": false,
              "pending": false,
              "context": null,
              "code": "var cp = new _CartPage[\"default\"]();\nvar chp = new _CheckoutPage[\"default\"]();\ncp.checkout();\nchp.isCheckoutPage();\ncy.fixture('userChallenge').then(function (user) {\n  var firstName = user.firstName;\n  var lastName = user.lastName;\n  chp.fillFisrtName(firstName);\n  chp.fillLastName(lastName);\n});\nchp.submit();\nchp.missingPostalCodeError();",
              "err": {},
              "uuid": "7e897039-2645-449f-b82d-a07755523b15",
              "parentUUID": "1e1f3324-bf51-40c7-ace1-5a16427c61c3",
              "isHook": false,
              "skipped": false
            },
            {
              "title": "Fill user’s information",
              "fullTitle": "Test Fill user’s information",
              "timedOut": null,
              "duration": 495,
              "state": "passed",
              "speed": "slow",
              "pass": true,
              "fail": false,
              "pending": false,
              "context": null,
              "code": "var chp = new _CheckoutPage[\"default\"]();\nvar chpTwo = new _CheckoutTwoPage[\"default\"]();\ncy.fixture('userChallenge').then(function (user) {\n  var postalCode = user.postalCode;\n  chp.fillPostalCode(postalCode);\n});\nchp.submit();\nchpTwo.isCheckoutTwoPage();",
              "err": {},
              "uuid": "86115148-e585-49ef-a8f7-74fdf7fc6f94",
              "parentUUID": "1e1f3324-bf51-40c7-ace1-5a16427c61c3",
              "isHook": false,
              "skipped": false
            },
            {
              "title": "Final order items",
              "fullTitle": "Test Final order items",
              "timedOut": null,
              "duration": 173,
              "state": "passed",
              "speed": "slow",
              "pass": true,
              "fail": false,
              "pending": false,
              "context": null,
              "code": "var chpTwo = new _CheckoutTwoPage[\"default\"]();\ncy.fixture('wishList').then(function (wishList) {\n  var itemOne = wishList.itemOne;\n  var itemTwo = wishList.itemTwo;\n  var itemThree = wishList.itemThree;\n  chpTwo.checkItem(itemOne);\n  chpTwo.checkItem(itemTwo);\n  chpTwo.checkItem(itemThree);\n});",
              "err": {},
              "uuid": "8b65e605-441e-4fff-951c-a3fe9f3321e5",
              "parentUUID": "1e1f3324-bf51-40c7-ace1-5a16427c61c3",
              "isHook": false,
              "skipped": false
            },
            {
              "title": "Complete a purchase",
              "fullTitle": "Test Complete a purchase",
              "timedOut": null,
              "duration": 239,
              "state": "passed",
              "speed": "slow",
              "pass": true,
              "fail": false,
              "pending": false,
              "context": null,
              "code": "var chpTwo = new _CheckoutTwoPage[\"default\"]();\nchpTwo.finalisePurchase();",
              "err": {},
              "uuid": "16282d2d-3272-4ab8-9f97-83276bed9831",
              "parentUUID": "1e1f3324-bf51-40c7-ace1-5a16427c61c3",
              "isHook": false,
              "skipped": false
            }
          ],
          "suites": [],
          "passes": [
            "32d3c3b9-8488-45d2-b43b-edc00e1d9901",
            "c5b48d4a-4477-4243-b96c-6ff83764da7a",
            "e7dcf214-b2c8-4239-8a88-38ef9f358af0",
            "65205d6b-9004-4a0f-afd2-2e4398628564",
            "7514f45e-2eed-4eeb-939a-06d18ea4f7be",
            "1884dece-3e83-47a9-965b-27ecfedc0df3",
            "7e897039-2645-449f-b82d-a07755523b15",
            "86115148-e585-49ef-a8f7-74fdf7fc6f94",
            "8b65e605-441e-4fff-951c-a3fe9f3321e5",
            "16282d2d-3272-4ab8-9f97-83276bed9831"
          ],
          "failures": [],
          "pending": [],
          "skipped": [],
          "duration": 10097,
          "root": false,
          "rootEmpty": false,
          "_timeout": 2000
        }
      ],
      "passes": [],
      "failures": [],
      "pending": [],
      "skipped": [],
      "duration": 0,
      "root": true,
      "rootEmpty": true,
      "_timeout": 2000
    }
  ],
  "meta": {
    "mocha": {
      "version": "7.0.1"
    },
    "mochawesome": {
      "options": {
        "quiet": false,
        "reportFilename": "mochawesome",
        "saveHtml": true,
        "saveJson": true,
        "consoleReporter": "spec",
        "useInlineDiffs": false,
        "code": true
      },
      "version": "6.1.1"
    },
    "marge": {
      "options": {
        "reporterEnabled": "mochawesome",
        "mochawesomeReporterOptions": {
          "reportDir": "cypress/reports/mochawesome-report",
          "quite": true,
          "overwrite": true,
          "html": true,
          "json": true,
          "timestamp": "mmddyyyy_HHMMss"
        }
      },
      "version": "5.1.0"
    }
  }
}